mode: set
github.com/abrandt/vla/internal/tools/builtin/delete_file.go:16.33,16.57 1 0
github.com/abrandt/vla/internal/tools/builtin/delete_file.go:18.43,29.2 1 0
github.com/abrandt/vla/internal/tools/builtin/delete_file.go:31.67,35.50 2 1
github.com/abrandt/vla/internal/tools/builtin/delete_file.go:35.50,37.3 1 0
github.com/abrandt/vla/internal/tools/builtin/delete_file.go:38.2,39.16 2 1
github.com/abrandt/vla/internal/tools/builtin/delete_file.go:39.16,41.3 1 0
github.com/abrandt/vla/internal/tools/builtin/delete_file.go:42.2,43.16 2 1
github.com/abrandt/vla/internal/tools/builtin/delete_file.go:43.16,45.3 1 0
github.com/abrandt/vla/internal/tools/builtin/delete_file.go:46.2,46.18 1 1
github.com/abrandt/vla/internal/tools/builtin/delete_file.go:46.18,48.3 1 1
github.com/abrandt/vla/internal/tools/builtin/delete_file.go:49.2,49.39 1 1
github.com/abrandt/vla/internal/tools/builtin/delete_file.go:49.39,51.3 1 0
github.com/abrandt/vla/internal/tools/builtin/delete_file.go:52.2,52.48 1 1
github.com/abrandt/vla/internal/tools/builtin/diagnostics.go:22.34,22.58 1 0
github.com/abrandt/vla/internal/tools/builtin/diagnostics.go:24.44,35.2 1 0
github.com/abrandt/vla/internal/tools/builtin/diagnostics.go:37.68,41.50 2 0
github.com/abrandt/vla/internal/tools/builtin/diagnostics.go:41.50,43.3 1 0
github.com/abrandt/vla/internal/tools/builtin/diagnostics.go:44.2,44.19 1 0
github.com/abrandt/vla/internal/tools/builtin/diagnostics.go:44.19,46.3 1 0
github.com/abrandt/vla/internal/tools/builtin/diagnostics.go:47.2,47.22 1 0
github.com/abrandt/vla/internal/tools/builtin/diagnostics.go:47.22,49.3 1 0
github.com/abrandt/vla/internal/tools/builtin/diagnostics.go:51.2,52.16 2 0
github.com/abrandt/vla/internal/tools/builtin/diagnostics.go:52.16,54.3 1 0
github.com/abrandt/vla/internal/tools/builtin/diagnostics.go:56.2,57.16 2 0
github.com/abrandt/vla/internal/tools/builtin/diagnostics.go:57.16,59.3 1 0
github.com/abrandt/vla/internal/tools/builtin/diagnostics.go:60.2,61.16 2 0
github.com/abrandt/vla/internal/tools/builtin/diagnostics.go:61.16,63.3 1 0
github.com/abrandt/vla/internal/tools/builtin/diagnostics.go:65.2,69.16 3 0
github.com/abrandt/vla/internal/tools/builtin/diagnostics.go:69.16,71.3 1 0
github.com/abrandt/vla/internal/tools/builtin/diagnostics.go:76.2,88.26 3 0
github.com/abrandt/vla/internal/tools/builtin/diagnostics.go:88.26,90.19 2 0
github.com/abrandt/vla/internal/tools/builtin/diagnostics.go:90.19,91.9 1 0
github.com/abrandt/vla/internal/tools/builtin/diagnostics.go:93.3,93.15 1 0
github.com/abrandt/vla/internal/tools/builtin/diagnostics.go:96.2,96.70 1 0
github.com/abrandt/vla/internal/tools/builtin/diagnostics.go:96.70,98.3 1 0
github.com/abrandt/vla/internal/tools/builtin/diagnostics.go:100.2,111.54 2 0
github.com/abrandt/vla/internal/tools/builtin/diagnostics.go:111.54,113.3 1 0
github.com/abrandt/vla/internal/tools/builtin/diagnostics.go:114.2,114.21 1 0
github.com/abrandt/vla/internal/tools/builtin/diagnostics.go:114.21,116.3 1 0
github.com/abrandt/vla/internal/tools/builtin/diagnostics.go:118.2,120.21 3 0
github.com/abrandt/vla/internal/tools/builtin/diagnostics.go:120.21,122.3 1 0
github.com/abrandt/vla/internal/tools/builtin/diagnostics.go:123.2,124.29 2 0
github.com/abrandt/vla/internal/tools/builtin/diagnostics.go:124.29,127.24 3 0
github.com/abrandt/vla/internal/tools/builtin/diagnostics.go:127.24,129.4 1 0
github.com/abrandt/vla/internal/tools/builtin/diagnostics.go:129.9,131.4 1 0
github.com/abrandt/vla/internal/tools/builtin/diagnostics.go:133.2,133.49 1 0
github.com/abrandt/vla/internal/tools/builtin/diagnostics.go:136.33,137.11 1 0
github.com/abrandt/vla/internal/tools/builtin/diagnostics.go:138.9,139.17 1 0
github.com/abrandt/vla/internal/tools/builtin/diagnostics.go:140.9,141.19 1 0
github.com/abrandt/vla/internal/tools/builtin/diagnostics.go:142.9,143.16 1 0
github.com/abrandt/vla/internal/tools/builtin/diagnostics.go:144.9,145.16 1 0
github.com/abrandt/vla/internal/tools/builtin/diagnostics.go:146.10,147.33 1 0
github.com/abrandt/vla/internal/tools/builtin/diagnostics.go:151.19,153.2 1 0
github.com/abrandt/vla/internal/tools/builtin/echo.go:17.27,17.44 1 0
github.com/abrandt/vla/internal/tools/builtin/echo.go:20.37,31.2 1 0
github.com/abrandt/vla/internal/tools/builtin/echo.go:36.59,40.50 2 1
github.com/abrandt/vla/internal/tools/builtin/echo.go:40.50,42.3 1 1
github.com/abrandt/vla/internal/tools/builtin/echo.go:43.2,43.19 1 1
github.com/abrandt/vla/internal/tools/builtin/echo.go:43.19,45.3 1 1
github.com/abrandt/vla/internal/tools/builtin/echo.go:46.2,46.21 1 1
github.com/abrandt/vla/internal/tools/builtin/find_references.go:20.37,20.65 1 0
github.com/abrandt/vla/internal/tools/builtin/find_references.go:22.47,45.2 1 0
github.com/abrandt/vla/internal/tools/builtin/find_references.go:47.71,54.50 2 1
github.com/abrandt/vla/internal/tools/builtin/find_references.go:54.50,56.3 1 0
github.com/abrandt/vla/internal/tools/builtin/find_references.go:57.2,57.21 1 1
github.com/abrandt/vla/internal/tools/builtin/find_references.go:57.21,59.3 1 1
github.com/abrandt/vla/internal/tools/builtin/find_references.go:62.2,62.54 1 1
github.com/abrandt/vla/internal/tools/builtin/find_references.go:62.54,64.30 2 0
github.com/abrandt/vla/internal/tools/builtin/find_references.go:64.30,66.4 1 0
github.com/abrandt/vla/internal/tools/builtin/find_references.go:70.2,70.20 1 1
github.com/abrandt/vla/internal/tools/builtin/find_references.go:70.20,72.3 1 0
github.com/abrandt/vla/internal/tools/builtin/find_references.go:73.2,74.20 2 1
github.com/abrandt/vla/internal/tools/builtin/find_references.go:74.20,76.21 2 1
github.com/abrandt/vla/internal/tools/builtin/find_references.go:76.21,78.4 1 1
github.com/abrandt/vla/internal/tools/builtin/find_references.go:79.3,81.26 3 1
github.com/abrandt/vla/internal/tools/builtin/find_references.go:81.26,83.4 1 1
github.com/abrandt/vla/internal/tools/builtin/find_references.go:84.3,84.25 1 1
github.com/abrandt/vla/internal/tools/builtin/find_references.go:87.2,89.20 3 1
github.com/abrandt/vla/internal/tools/builtin/find_references.go:89.20,91.3 1 1
github.com/abrandt/vla/internal/tools/builtin/find_references.go:92.2,93.25 2 1
github.com/abrandt/vla/internal/tools/builtin/find_references.go:93.25,95.3 1 1
github.com/abrandt/vla/internal/tools/builtin/find_references.go:96.2,96.49 1 1
github.com/abrandt/vla/internal/tools/builtin/find_references.go:99.94,101.16 2 0
github.com/abrandt/vla/internal/tools/builtin/find_references.go:101.16,103.3 1 0
github.com/abrandt/vla/internal/tools/builtin/find_references.go:104.2,105.16 2 0
github.com/abrandt/vla/internal/tools/builtin/find_references.go:105.16,107.3 1 0
github.com/abrandt/vla/internal/tools/builtin/find_references.go:108.2,109.26 2 0
github.com/abrandt/vla/internal/tools/builtin/find_references.go:109.26,111.3 1 0
github.com/abrandt/vla/internal/tools/builtin/find_references.go:112.2,119.16 3 0
github.com/abrandt/vla/internal/tools/builtin/find_references.go:119.16,121.3 1 0
github.com/abrandt/vla/internal/tools/builtin/find_references.go:122.2,122.50 1 0
github.com/abrandt/vla/internal/tools/builtin/find_references.go:125.70,135.51 2 0
github.com/abrandt/vla/internal/tools/builtin/find_references.go:135.51,137.3 1 0
github.com/abrandt/vla/internal/tools/builtin/find_references.go:138.2,138.20 1 0
github.com/abrandt/vla/internal/tools/builtin/find_references.go:138.20,140.3 1 0
github.com/abrandt/vla/internal/tools/builtin/find_references.go:141.2,143.27 3 0
github.com/abrandt/vla/internal/tools/builtin/find_references.go:143.27,146.3 2 0
github.com/abrandt/vla/internal/tools/builtin/find_references.go:147.2,147.44 1 0
github.com/abrandt/vla/internal/tools/builtin/git.go:16.64,22.34 6 1
github.com/abrandt/vla/internal/tools/builtin/git.go:22.34,24.19 2 1
github.com/abrandt/vla/internal/tools/builtin/git.go:24.19,26.4 1 0
github.com/abrandt/vla/internal/tools/builtin/git.go:27.3,27.38 1 1
github.com/abrandt/vla/internal/tools/builtin/git.go:29.2,29.53 1 1
github.com/abrandt/vla/internal/tools/builtin/git.go:35.32,35.55 1 0
github.com/abrandt/vla/internal/tools/builtin/git.go:37.42,47.2 1 0
github.com/abrandt/vla/internal/tools/builtin/git.go:49.66,55.43 4 1
github.com/abrandt/vla/internal/tools/builtin/git.go:55.43,57.3 1 0
github.com/abrandt/vla/internal/tools/builtin/git.go:58.2,59.18 2 1
github.com/abrandt/vla/internal/tools/builtin/git.go:59.18,61.3 1 1
github.com/abrandt/vla/internal/tools/builtin/git.go:62.2,63.16 2 1
github.com/abrandt/vla/internal/tools/builtin/git.go:63.16,65.3 1 1
github.com/abrandt/vla/internal/tools/builtin/git.go:66.2,66.15 1 1
github.com/abrandt/vla/internal/tools/builtin/git.go:66.15,68.3 1 1
github.com/abrandt/vla/internal/tools/builtin/git.go:69.2,69.17 1 1
github.com/abrandt/vla/internal/tools/builtin/git.go:75.30,75.51 1 0
github.com/abrandt/vla/internal/tools/builtin/git.go:77.40,91.2 1 0
github.com/abrandt/vla/internal/tools/builtin/git.go:93.64,98.50 2 1
github.com/abrandt/vla/internal/tools/builtin/git.go:98.50,100.3 1 0
github.com/abrandt/vla/internal/tools/builtin/git.go:101.2,102.15 2 1
github.com/abrandt/vla/internal/tools/builtin/git.go:102.15,104.3 1 0
github.com/abrandt/vla/internal/tools/builtin/git.go:105.2,105.19 1 1
github.com/abrandt/vla/internal/tools/builtin/git.go:105.19,108.17 2 1
github.com/abrandt/vla/internal/tools/builtin/git.go:108.17,110.4 1 0
github.com/abrandt/vla/internal/tools/builtin/git.go:111.3,112.17 2 1
github.com/abrandt/vla/internal/tools/builtin/git.go:112.17,114.4 1 0
github.com/abrandt/vla/internal/tools/builtin/git.go:115.3,115.39 1 1
github.com/abrandt/vla/internal/tools/builtin/git.go:117.2,118.16 2 1
github.com/abrandt/vla/internal/tools/builtin/git.go:118.16,120.3 1 0
github.com/abrandt/vla/internal/tools/builtin/git.go:121.2,121.15 1 1
github.com/abrandt/vla/internal/tools/builtin/git.go:121.15,123.3 1 1
github.com/abrandt/vla/internal/tools/builtin/git.go:124.2,124.17 1 1
github.com/abrandt/vla/internal/tools/builtin/git.go:130.32,130.55 1 0
github.com/abrandt/vla/internal/tools/builtin/git.go:132.42,147.2 1 0
github.com/abrandt/vla/internal/tools/builtin/git.go:149.66,154.50 2 1
github.com/abrandt/vla/internal/tools/builtin/git.go:154.50,156.3 1 0
github.com/abrandt/vla/internal/tools/builtin/git.go:157.2,157.22 1 1
github.com/abrandt/vla/internal/tools/builtin/git.go:157.22,159.3 1 1
github.com/abrandt/vla/internal/tools/builtin/git.go:160.2,161.19 2 1
github.com/abrandt/vla/internal/tools/builtin/git.go:161.19,163.3 1 0
github.com/abrandt/vla/internal/tools/builtin/git.go:164.2,164.14 1 1
github.com/abrandt/vla/internal/tools/builtin/git.go:164.14,165.66 1 1
github.com/abrandt/vla/internal/tools/builtin/git.go:165.66,167.4 1 0
github.com/abrandt/vla/internal/tools/builtin/git.go:169.2,169.80 1 1
github.com/abrandt/vla/internal/tools/builtin/git.go:169.80,171.3 1 0
github.com/abrandt/vla/internal/tools/builtin/git.go:173.2,174.16 2 1
github.com/abrandt/vla/internal/tools/builtin/git.go:174.16,176.3 1 0
github.com/abrandt/vla/internal/tools/builtin/git.go:177.2,177.63 1 1
github.com/abrandt/vla/internal/tools/builtin/go_to_definition.go:21.37,21.66 1 0
github.com/abrandt/vla/internal/tools/builtin/go_to_definition.go:23.47,46.2 1 0
github.com/abrandt/vla/internal/tools/builtin/go_to_definition.go:48.71,55.50 2 1
github.com/abrandt/vla/internal/tools/builtin/go_to_definition.go:55.50,57.3 1 0
github.com/abrandt/vla/internal/tools/builtin/go_to_definition.go:58.2,58.21 1 1
github.com/abrandt/vla/internal/tools/builtin/go_to_definition.go:58.21,60.3 1 1
github.com/abrandt/vla/internal/tools/builtin/go_to_definition.go:63.2,63.54 1 1
github.com/abrandt/vla/internal/tools/builtin/go_to_definition.go:63.54,65.30 2 0
github.com/abrandt/vla/internal/tools/builtin/go_to_definition.go:65.30,67.4 1 0
github.com/abrandt/vla/internal/tools/builtin/go_to_definition.go:72.2,72.20 1 1
github.com/abrandt/vla/internal/tools/builtin/go_to_definition.go:72.20,74.3 1 1
github.com/abrandt/vla/internal/tools/builtin/go_to_definition.go:75.2,76.20 2 1
github.com/abrandt/vla/internal/tools/builtin/go_to_definition.go:76.20,78.3 1 1
github.com/abrandt/vla/internal/tools/builtin/go_to_definition.go:80.2,81.25 2 1
github.com/abrandt/vla/internal/tools/builtin/go_to_definition.go:81.25,82.12 1 1
github.com/abrandt/vla/internal/tools/builtin/go_to_definition.go:82.12,84.4 1 0
github.com/abrandt/vla/internal/tools/builtin/go_to_definition.go:85.3,85.86 1 1
github.com/abrandt/vla/internal/tools/builtin/go_to_definition.go:87.2,87.24 1 1
github.com/abrandt/vla/internal/tools/builtin/go_to_definition.go:91.94,93.16 2 0
github.com/abrandt/vla/internal/tools/builtin/go_to_definition.go:93.16,95.3 1 0
github.com/abrandt/vla/internal/tools/builtin/go_to_definition.go:96.2,97.16 2 0
github.com/abrandt/vla/internal/tools/builtin/go_to_definition.go:97.16,99.3 1 0
github.com/abrandt/vla/internal/tools/builtin/go_to_definition.go:100.2,101.26 2 0
github.com/abrandt/vla/internal/tools/builtin/go_to_definition.go:101.26,103.3 1 0
github.com/abrandt/vla/internal/tools/builtin/go_to_definition.go:104.2,119.16 4 0
github.com/abrandt/vla/internal/tools/builtin/go_to_definition.go:119.16,121.3 1 0
github.com/abrandt/vla/internal/tools/builtin/go_to_definition.go:122.2,122.50 1 0
github.com/abrandt/vla/internal/tools/builtin/go_to_definition.go:127.70,138.51 2 0
github.com/abrandt/vla/internal/tools/builtin/go_to_definition.go:138.51,149.51 2 0
github.com/abrandt/vla/internal/tools/builtin/go_to_definition.go:149.51,151.4 1 0
github.com/abrandt/vla/internal/tools/builtin/go_to_definition.go:152.3,160.9 1 0
github.com/abrandt/vla/internal/tools/builtin/go_to_definition.go:162.2,163.27 2 0
github.com/abrandt/vla/internal/tools/builtin/go_to_definition.go:163.27,164.12 1 0
github.com/abrandt/vla/internal/tools/builtin/go_to_definition.go:164.12,166.4 1 0
github.com/abrandt/vla/internal/tools/builtin/go_to_definition.go:167.3,168.92 2 0
github.com/abrandt/vla/internal/tools/builtin/go_to_definition.go:170.2,170.19 1 0
github.com/abrandt/vla/internal/tools/builtin/hover.go:19.28,19.46 1 0
github.com/abrandt/vla/internal/tools/builtin/hover.go:21.38,40.2 1 0
github.com/abrandt/vla/internal/tools/builtin/hover.go:42.62,48.50 2 0
github.com/abrandt/vla/internal/tools/builtin/hover.go:48.50,50.3 1 0
github.com/abrandt/vla/internal/tools/builtin/hover.go:51.2,51.19 1 0
github.com/abrandt/vla/internal/tools/builtin/hover.go:51.19,53.3 1 0
github.com/abrandt/vla/internal/tools/builtin/hover.go:54.2,54.18 1 0
github.com/abrandt/vla/internal/tools/builtin/hover.go:54.18,56.3 1 0
github.com/abrandt/vla/internal/tools/builtin/hover.go:57.2,57.22 1 0
github.com/abrandt/vla/internal/tools/builtin/hover.go:57.22,59.3 1 0
github.com/abrandt/vla/internal/tools/builtin/hover.go:61.2,62.16 2 0
github.com/abrandt/vla/internal/tools/builtin/hover.go:62.16,64.3 1 0
github.com/abrandt/vla/internal/tools/builtin/hover.go:65.2,66.16 2 0
github.com/abrandt/vla/internal/tools/builtin/hover.go:66.16,68.3 1 0
github.com/abrandt/vla/internal/tools/builtin/hover.go:70.2,71.29 2 0
github.com/abrandt/vla/internal/tools/builtin/hover.go:71.29,73.3 1 0
github.com/abrandt/vla/internal/tools/builtin/hover.go:74.2,89.16 4 0
github.com/abrandt/vla/internal/tools/builtin/hover.go:89.16,91.3 1 0
github.com/abrandt/vla/internal/tools/builtin/hover.go:93.2,99.85 2 0
github.com/abrandt/vla/internal/tools/builtin/hover.go:99.85,101.3 1 0
github.com/abrandt/vla/internal/tools/builtin/hover.go:102.2,102.53 1 0
github.com/abrandt/vla/internal/tools/builtin/list_files.go:20.32,20.55 1 0
github.com/abrandt/vla/internal/tools/builtin/list_files.go:22.42,32.2 1 0
github.com/abrandt/vla/internal/tools/builtin/list_files.go:34.66,38.50 2 1
github.com/abrandt/vla/internal/tools/builtin/list_files.go:38.50,40.3 1 0
github.com/abrandt/vla/internal/tools/builtin/list_files.go:41.2,42.16 2 1
github.com/abrandt/vla/internal/tools/builtin/list_files.go:42.16,44.3 1 0
github.com/abrandt/vla/internal/tools/builtin/list_files.go:46.2,47.84 2 1
github.com/abrandt/vla/internal/tools/builtin/list_files.go:47.84,48.21 1 1
github.com/abrandt/vla/internal/tools/builtin/list_files.go:48.21,50.4 1 0
github.com/abrandt/vla/internal/tools/builtin/list_files.go:51.3,53.16 3 1
github.com/abrandt/vla/internal/tools/builtin/list_files.go:53.16,54.23 1 1
github.com/abrandt/vla/internal/tools/builtin/list_files.go:54.23,56.5 1 1
github.com/abrandt/vla/internal/tools/builtin/list_files.go:57.4,57.14 1 1
github.com/abrandt/vla/internal/tools/builtin/list_files.go:59.3,60.13 2 1
github.com/abrandt/vla/internal/tools/builtin/list_files.go:62.2,62.16 1 1
github.com/abrandt/vla/internal/tools/builtin/list_files.go:62.16,64.3 1 0
github.com/abrandt/vla/internal/tools/builtin/list_files.go:65.2,65.21 1 1
github.com/abrandt/vla/internal/tools/builtin/list_files.go:65.21,67.3 1 0
github.com/abrandt/vla/internal/tools/builtin/list_files.go:68.2,70.26 3 1
github.com/abrandt/vla/internal/tools/builtin/list_files.go:70.26,72.3 1 0
github.com/abrandt/vla/internal/tools/builtin/list_files.go:73.2,73.39 1 1
github.com/abrandt/vla/internal/tools/builtin/list_files.go:84.34,85.16 1 1
github.com/abrandt/vla/internal/tools/builtin/list_files.go:85.16,87.3 1 1
github.com/abrandt/vla/internal/tools/builtin/list_files.go:88.2,88.36 1 1
github.com/abrandt/vla/internal/tools/builtin/list_files.go:88.36,89.30 1 1
github.com/abrandt/vla/internal/tools/builtin/list_files.go:89.30,91.4 1 1
github.com/abrandt/vla/internal/tools/builtin/list_files.go:93.2,93.14 1 1
github.com/abrandt/vla/internal/tools/builtin/lsp_helpers.go:9.35,9.63 1 0
github.com/abrandt/vla/internal/tools/builtin/lsp_helpers.go:12.38,12.71 1 0
github.com/abrandt/vla/internal/tools/builtin/lsp_helpers.go:15.42,17.16 2 0
github.com/abrandt/vla/internal/tools/builtin/lsp_helpers.go:17.16,19.3 1 0
github.com/abrandt/vla/internal/tools/builtin/lsp_helpers.go:20.2,21.34 2 0
github.com/abrandt/vla/internal/tools/builtin/lsp_helpers.go:21.34,23.3 1 0
github.com/abrandt/vla/internal/tools/builtin/lsp_helpers.go:24.2,24.24 1 0
github.com/abrandt/vla/internal/tools/builtin/lsp_helpers.go:28.47,31.55 2 0
github.com/abrandt/vla/internal/tools/builtin/lsp_helpers.go:31.55,33.3 1 0
github.com/abrandt/vla/internal/tools/builtin/lsp_helpers.go:34.2,35.16 2 0
github.com/abrandt/vla/internal/tools/builtin/lsp_helpers.go:35.16,37.3 1 0
github.com/abrandt/vla/internal/tools/builtin/lsp_helpers.go:38.2,38.30 1 0
github.com/abrandt/vla/internal/tools/builtin/memory_tools.go:24.33,24.57 1 0
github.com/abrandt/vla/internal/tools/builtin/memory_tools.go:26.43,42.2 1 0
github.com/abrandt/vla/internal/tools/builtin/memory_tools.go:44.67,49.50 2 1
github.com/abrandt/vla/internal/tools/builtin/memory_tools.go:49.50,51.3 1 0
github.com/abrandt/vla/internal/tools/builtin/memory_tools.go:52.2,52.22 1 1
github.com/abrandt/vla/internal/tools/builtin/memory_tools.go:52.22,54.3 1 1
github.com/abrandt/vla/internal/tools/builtin/memory_tools.go:55.2,63.28 3 1
github.com/abrandt/vla/internal/tools/builtin/memory_tools.go:63.28,65.17 2 0
github.com/abrandt/vla/internal/tools/builtin/memory_tools.go:65.17,67.4 1 0
github.com/abrandt/vla/internal/tools/builtin/memory_tools.go:70.2,70.47 1 1
github.com/abrandt/vla/internal/tools/builtin/memory_tools.go:70.47,72.3 1 0
github.com/abrandt/vla/internal/tools/builtin/memory_tools.go:73.2,73.75 1 1
github.com/abrandt/vla/internal/tools/builtin/memory_tools.go:80.35,80.61 1 0
github.com/abrandt/vla/internal/tools/builtin/memory_tools.go:82.45,97.2 1 0
github.com/abrandt/vla/internal/tools/builtin/memory_tools.go:99.69,104.50 2 1
github.com/abrandt/vla/internal/tools/builtin/memory_tools.go:104.50,106.3 1 0
github.com/abrandt/vla/internal/tools/builtin/memory_tools.go:107.2,107.20 1 1
github.com/abrandt/vla/internal/tools/builtin/memory_tools.go:107.20,109.3 1 0
github.com/abrandt/vla/internal/tools/builtin/memory_tools.go:110.2,110.19 1 1
github.com/abrandt/vla/internal/tools/builtin/memory_tools.go:110.19,112.3 1 1
github.com/abrandt/vla/internal/tools/builtin/memory_tools.go:113.2,116.28 3 1
github.com/abrandt/vla/internal/tools/builtin/memory_tools.go:116.28,118.3 1 0
github.com/abrandt/vla/internal/tools/builtin/memory_tools.go:120.2,121.16 2 1
github.com/abrandt/vla/internal/tools/builtin/memory_tools.go:121.16,123.3 1 0
github.com/abrandt/vla/internal/tools/builtin/memory_tools.go:124.2,124.23 1 1
github.com/abrandt/vla/internal/tools/builtin/memory_tools.go:124.23,126.3 1 1
github.com/abrandt/vla/internal/tools/builtin/memory_tools.go:127.2,128.28 2 1
github.com/abrandt/vla/internal/tools/builtin/memory_tools.go:128.28,130.29 2 1
github.com/abrandt/vla/internal/tools/builtin/memory_tools.go:130.29,132.4 1 1
github.com/abrandt/vla/internal/tools/builtin/memory_tools.go:134.2,134.49 1 1
github.com/abrandt/vla/internal/tools/builtin/memory_tools.go:140.33,140.57 1 0
github.com/abrandt/vla/internal/tools/builtin/memory_tools.go:142.43,152.2 1 0
github.com/abrandt/vla/internal/tools/builtin/memory_tools.go:154.67,159.19 3 1
github.com/abrandt/vla/internal/tools/builtin/memory_tools.go:159.19,161.3 1 1
github.com/abrandt/vla/internal/tools/builtin/memory_tools.go:162.2,165.16 3 1
github.com/abrandt/vla/internal/tools/builtin/memory_tools.go:165.16,167.3 1 0
github.com/abrandt/vla/internal/tools/builtin/memory_tools.go:168.2,168.24 1 1
github.com/abrandt/vla/internal/tools/builtin/memory_tools.go:168.24,170.3 1 1
github.com/abrandt/vla/internal/tools/builtin/memory_tools.go:171.2,171.30 1 1
github.com/abrandt/vla/internal/tools/builtin/memory_tools.go:171.30,173.3 1 0
github.com/abrandt/vla/internal/tools/builtin/memory_tools.go:174.2,175.31 2 1
github.com/abrandt/vla/internal/tools/builtin/memory_tools.go:175.31,177.3 1 1
github.com/abrandt/vla/internal/tools/builtin/memory_tools.go:178.2,178.49 1 1
github.com/abrandt/vla/internal/tools/builtin/memory_tools.go:184.35,184.61 1 0
github.com/abrandt/vla/internal/tools/builtin/memory_tools.go:186.45,197.2 1 0
github.com/abrandt/vla/internal/tools/builtin/memory_tools.go:199.69,203.50 2 1
github.com/abrandt/vla/internal/tools/builtin/memory_tools.go:203.50,205.3 1 0
github.com/abrandt/vla/internal/tools/builtin/memory_tools.go:206.2,206.17 1 1
github.com/abrandt/vla/internal/tools/builtin/memory_tools.go:206.17,208.3 1 0
github.com/abrandt/vla/internal/tools/builtin/memory_tools.go:209.2,210.60 2 1
github.com/abrandt/vla/internal/tools/builtin/memory_tools.go:210.60,212.3 1 0
github.com/abrandt/vla/internal/tools/builtin/memory_tools.go:213.2,213.53 1 1
github.com/abrandt/vla/internal/tools/builtin/read_file.go:17.31,17.53 1 0
github.com/abrandt/vla/internal/tools/builtin/read_file.go:19.41,38.2 1 0
github.com/abrandt/vla/internal/tools/builtin/read_file.go:40.65,46.50 2 1
github.com/abrandt/vla/internal/tools/builtin/read_file.go:46.50,48.3 1 0
github.com/abrandt/vla/internal/tools/builtin/read_file.go:49.2,50.16 2 1
github.com/abrandt/vla/internal/tools/builtin/read_file.go:50.16,52.3 1 1
github.com/abrandt/vla/internal/tools/builtin/read_file.go:53.2,53.53 1 1
github.com/abrandt/vla/internal/tools/builtin/read_file.go:53.53,55.3 1 1
github.com/abrandt/vla/internal/tools/builtin/read_file.go:56.2,57.16 2 1
github.com/abrandt/vla/internal/tools/builtin/read_file.go:57.16,59.3 1 1
github.com/abrandt/vla/internal/tools/builtin/read_file.go:60.2,61.19 2 1
github.com/abrandt/vla/internal/tools/builtin/read_file.go:61.19,62.49 1 1
github.com/abrandt/vla/internal/tools/builtin/read_file.go:62.49,64.4 1 0
github.com/abrandt/vla/internal/tools/builtin/read_file.go:66.2,68.43 3 1
github.com/abrandt/vla/internal/tools/builtin/read_file.go:68.43,71.13 1 0
github.com/abrandt/vla/internal/tools/builtin/read_file.go:71.13,73.4 1 0
github.com/abrandt/vla/internal/tools/builtin/read_file.go:75.2,75.19 1 1
github.com/abrandt/vla/internal/tools/builtin/read_file.go:75.19,78.37 2 1
github.com/abrandt/vla/internal/tools/builtin/read_file.go:78.37,80.4 1 1
github.com/abrandt/vla/internal/tools/builtin/read_file.go:82.2,82.29 1 1
github.com/abrandt/vla/internal/tools/builtin/search.go:24.29,24.48 1 0
github.com/abrandt/vla/internal/tools/builtin/search.go:26.39,49.2 1 0
github.com/abrandt/vla/internal/tools/builtin/search.go:51.63,58.50 2 1
github.com/abrandt/vla/internal/tools/builtin/search.go:58.50,60.3 1 0
github.com/abrandt/vla/internal/tools/builtin/search.go:61.2,61.22 1 1
github.com/abrandt/vla/internal/tools/builtin/search.go:61.22,63.3 1 1
github.com/abrandt/vla/internal/tools/builtin/search.go:64.2,64.24 1 1
github.com/abrandt/vla/internal/tools/builtin/search.go:64.24,66.3 1 1
github.com/abrandt/vla/internal/tools/builtin/search.go:68.2,69.16 2 1
github.com/abrandt/vla/internal/tools/builtin/search.go:69.16,71.3 1 1
github.com/abrandt/vla/internal/tools/builtin/search.go:73.2,74.47 2 1
github.com/abrandt/vla/internal/tools/builtin/search.go:74.47,76.3 1 1
github.com/abrandt/vla/internal/tools/builtin/search.go:76.8,78.3 1 0
github.com/abrandt/vla/internal/tools/builtin/search.go:79.2,79.16 1 1
github.com/abrandt/vla/internal/tools/builtin/search.go:79.16,81.3 1 0
github.com/abrandt/vla/internal/tools/builtin/search.go:82.2,82.23 1 1
github.com/abrandt/vla/internal/tools/builtin/search.go:82.23,84.3 1 1
github.com/abrandt/vla/internal/tools/builtin/search.go:87.2,87.28 1 1
github.com/abrandt/vla/internal/tools/builtin/search.go:87.28,89.3 1 1
github.com/abrandt/vla/internal/tools/builtin/search.go:90.2,90.41 1 1
github.com/abrandt/vla/internal/tools/builtin/search.go:99.54,103.19 2 1
github.com/abrandt/vla/internal/tools/builtin/search.go:103.19,105.3 1 0
github.com/abrandt/vla/internal/tools/builtin/search.go:106.2,109.21 4 1
github.com/abrandt/vla/internal/tools/builtin/search.go:109.21,111.3 1 0
github.com/abrandt/vla/internal/tools/builtin/search.go:112.2,116.16 4 1
github.com/abrandt/vla/internal/tools/builtin/search.go:116.16,118.3 1 0
github.com/abrandt/vla/internal/tools/builtin/search.go:119.2,119.60 1 1
github.com/abrandt/vla/internal/tools/builtin/search.go:123.84,125.12 2 1
github.com/abrandt/vla/internal/tools/builtin/search.go:125.12,127.3 1 1
github.com/abrandt/vla/internal/tools/builtin/search.go:129.2,129.36 1 1
github.com/abrandt/vla/internal/tools/builtin/search.go:129.36,131.3 1 1
github.com/abrandt/vla/internal/tools/builtin/search.go:132.2,137.34 6 1
github.com/abrandt/vla/internal/tools/builtin/search.go:137.34,139.74 1 1
github.com/abrandt/vla/internal/tools/builtin/search.go:139.74,141.4 1 1
github.com/abrandt/vla/internal/tools/builtin/search.go:142.3,142.68 1 0
github.com/abrandt/vla/internal/tools/builtin/search.go:144.2,145.79 2 1
github.com/abrandt/vla/internal/tools/builtin/search.go:145.79,146.17 1 1
github.com/abrandt/vla/internal/tools/builtin/search.go:146.17,147.12 1 0
github.com/abrandt/vla/internal/tools/builtin/search.go:149.3,150.22 2 1
github.com/abrandt/vla/internal/tools/builtin/search.go:150.22,151.9 1 1
github.com/abrandt/vla/internal/tools/builtin/search.go:154.2,154.17 1 1
github.com/abrandt/vla/internal/tools/builtin/search.go:159.88,161.11 2 0
github.com/abrandt/vla/internal/tools/builtin/search.go:161.11,164.17 3 0
github.com/abrandt/vla/internal/tools/builtin/search.go:164.17,166.4 1 0
github.com/abrandt/vla/internal/tools/builtin/search.go:169.2,170.85 2 0
github.com/abrandt/vla/internal/tools/builtin/search.go:170.85,171.21 1 0
github.com/abrandt/vla/internal/tools/builtin/search.go:171.21,173.4 1 0
github.com/abrandt/vla/internal/tools/builtin/search.go:174.3,174.16 1 0
github.com/abrandt/vla/internal/tools/builtin/search.go:174.16,176.41 2 0
github.com/abrandt/vla/internal/tools/builtin/search.go:176.41,178.5 1 0
github.com/abrandt/vla/internal/tools/builtin/search.go:179.4,179.14 1 0
github.com/abrandt/vla/internal/tools/builtin/search.go:181.3,181.38 1 0
github.com/abrandt/vla/internal/tools/builtin/search.go:181.38,183.4 1 0
github.com/abrandt/vla/internal/tools/builtin/search.go:184.3,185.17 2 0
github.com/abrandt/vla/internal/tools/builtin/search.go:185.17,187.4 1 0
github.com/abrandt/vla/internal/tools/builtin/search.go:188.3,188.58 1 0
github.com/abrandt/vla/internal/tools/builtin/search.go:188.58,189.27 1 0
github.com/abrandt/vla/internal/tools/builtin/search.go:189.27,191.5 1 0
github.com/abrandt/vla/internal/tools/builtin/search.go:192.4,193.13 2 0
github.com/abrandt/vla/internal/tools/builtin/search.go:193.13,195.5 1 0
github.com/abrandt/vla/internal/tools/builtin/search.go:195.10,197.5 1 0
github.com/abrandt/vla/internal/tools/builtin/search.go:198.4,198.15 1 0
github.com/abrandt/vla/internal/tools/builtin/search.go:198.15,200.5 1 0
github.com/abrandt/vla/internal/tools/builtin/search.go:202.3,202.13 1 0
github.com/abrandt/vla/internal/tools/builtin/search.go:204.2,204.16 1 0
github.com/abrandt/vla/internal/tools/builtin/search.go:204.16,206.3 1 0
github.com/abrandt/vla/internal/tools/builtin/search.go:207.2,208.21 2 0
github.com/abrandt/vla/internal/tools/builtin/search.go:212.35,213.30 1 0
github.com/abrandt/vla/internal/tools/builtin/search.go:218.42,219.14 1 0
github.com/abrandt/vla/internal/tools/builtin/search.go:221.2,221.14 1 0
github.com/abrandt/vla/internal/tools/builtin/update_file.go:18.33,18.57 1 0
github.com/abrandt/vla/internal/tools/builtin/update_file.go:20.43,43.2 1 0
github.com/abrandt/vla/internal/tools/builtin/update_file.go:45.67,52.50 2 1
github.com/abrandt/vla/internal/tools/builtin/update_file.go:52.50,54.3 1 0
github.com/abrandt/vla/internal/tools/builtin/update_file.go:55.2,56.16 2 1
github.com/abrandt/vla/internal/tools/builtin/update_file.go:56.16,58.3 1 0
github.com/abrandt/vla/internal/tools/builtin/update_file.go:59.2,60.16 2 1
github.com/abrandt/vla/internal/tools/builtin/update_file.go:60.16,62.3 1 0
github.com/abrandt/vla/internal/tools/builtin/update_file.go:64.2,65.16 2 1
github.com/abrandt/vla/internal/tools/builtin/update_file.go:65.16,67.3 1 1
github.com/abrandt/vla/internal/tools/builtin/update_file.go:68.2,68.33 1 1
github.com/abrandt/vla/internal/tools/builtin/update_file.go:68.33,70.3 1 1
github.com/abrandt/vla/internal/tools/builtin/update_file.go:72.2,73.19 2 1
github.com/abrandt/vla/internal/tools/builtin/update_file.go:73.19,75.3 1 1
github.com/abrandt/vla/internal/tools/builtin/update_file.go:75.8,78.3 1 1
github.com/abrandt/vla/internal/tools/builtin/update_file.go:79.2,79.57 1 1
github.com/abrandt/vla/internal/tools/builtin/update_file.go:79.57,81.3 1 0
github.com/abrandt/vla/internal/tools/builtin/update_file.go:82.2,83.16 2 1
github.com/abrandt/vla/internal/tools/builtin/update_file.go:83.16,85.3 1 1
github.com/abrandt/vla/internal/tools/builtin/update_file.go:86.2,87.19 2 1
github.com/abrandt/vla/internal/tools/builtin/update_file.go:87.19,89.3 1 1
github.com/abrandt/vla/internal/tools/builtin/update_file.go:91.2,91.70 1 1
github.com/abrandt/vla/internal/tools/builtin/update_file.go:95.42,98.24 3 1
github.com/abrandt/vla/internal/tools/builtin/update_file.go:98.24,101.3 1 0
github.com/abrandt/vla/internal/tools/builtin/update_file.go:102.2,102.52 1 1
github.com/abrandt/vla/internal/tools/builtin/update_file.go:105.33,106.45 1 1
github.com/abrandt/vla/internal/tools/builtin/update_file.go:106.45,108.3 1 0
github.com/abrandt/vla/internal/tools/builtin/update_file.go:109.2,109.10 1 1
github.com/abrandt/vla/internal/tools/builtin/util.go:5.42,6.17 1 1
github.com/abrandt/vla/internal/tools/builtin/util.go:6.17,8.3 1 1
github.com/abrandt/vla/internal/tools/builtin/util.go:9.2,9.22 1 0
github.com/abrandt/vla/internal/tools/builtin/web_read.go:20.30,20.51 1 0
github.com/abrandt/vla/internal/tools/builtin/web_read.go:22.40,37.2 1 0
github.com/abrandt/vla/internal/tools/builtin/web_read.go:39.64,44.50 2 1
github.com/abrandt/vla/internal/tools/builtin/web_read.go:44.50,46.3 1 0
github.com/abrandt/vla/internal/tools/builtin/web_read.go:47.2,47.18 1 1
github.com/abrandt/vla/internal/tools/builtin/web_read.go:47.18,49.3 1 1
github.com/abrandt/vla/internal/tools/builtin/web_read.go:50.2,50.85 1 1
github.com/abrandt/vla/internal/tools/builtin/web_read.go:50.85,52.3 1 1
github.com/abrandt/vla/internal/tools/builtin/web_read.go:53.2,53.48 1 1
github.com/abrandt/vla/internal/tools/builtin/web_read.go:53.48,55.3 1 1
github.com/abrandt/vla/internal/tools/builtin/web_read.go:57.2,58.19 2 1
github.com/abrandt/vla/internal/tools/builtin/web_read.go:58.19,60.3 1 0
github.com/abrandt/vla/internal/tools/builtin/web_read.go:62.2,63.16 2 1
github.com/abrandt/vla/internal/tools/builtin/web_read.go:63.16,65.3 1 0
github.com/abrandt/vla/internal/tools/builtin/web_read.go:66.2,68.16 3 1
github.com/abrandt/vla/internal/tools/builtin/web_read.go:68.16,70.3 1 0
github.com/abrandt/vla/internal/tools/builtin/web_read.go:71.2,72.53 2 1
github.com/abrandt/vla/internal/tools/builtin/web_read.go:72.53,74.3 1 1
github.com/abrandt/vla/internal/tools/builtin/web_read.go:76.2,77.16 2 1
github.com/abrandt/vla/internal/tools/builtin/web_read.go:77.16,79.3 1 0
github.com/abrandt/vla/internal/tools/builtin/web_read.go:81.2,82.48 2 1
github.com/abrandt/vla/internal/tools/builtin/web_read.go:82.48,84.3 1 1
github.com/abrandt/vla/internal/tools/builtin/web_read.go:85.2,85.26 1 1
github.com/abrandt/vla/internal/tools/builtin/web_read.go:91.37,100.25 6 1
github.com/abrandt/vla/internal/tools/builtin/web_read.go:100.25,101.10 1 1
github.com/abrandt/vla/internal/tools/builtin/web_read.go:102.17,103.16 1 1
github.com/abrandt/vla/internal/tools/builtin/web_read.go:104.17,105.17 1 1
github.com/abrandt/vla/internal/tools/builtin/web_read.go:106.15,107.18 1 1
github.com/abrandt/vla/internal/tools/builtin/web_read.go:110.2,114.32 4 1
github.com/abrandt/vla/internal/tools/builtin/web_read.go:118.52,122.6 4 1
github.com/abrandt/vla/internal/tools/builtin/web_read.go:122.6,124.16 2 1
github.com/abrandt/vla/internal/tools/builtin/web_read.go:124.16,126.9 2 1
github.com/abrandt/vla/internal/tools/builtin/web_read.go:128.3,130.14 3 1
github.com/abrandt/vla/internal/tools/builtin/web_read.go:130.14,131.9 1 0
github.com/abrandt/vla/internal/tools/builtin/web_read.go:133.3,133.40 1 1
github.com/abrandt/vla/internal/tools/builtin/web_read.go:135.2,135.19 1 1
github.com/abrandt/vla/internal/tools/builtin/web_read.go:140.42,142.29 2 1
github.com/abrandt/vla/internal/tools/builtin/web_read.go:142.29,145.3 2 1
github.com/abrandt/vla/internal/tools/builtin/web_read.go:146.2,146.34 1 1
github.com/abrandt/vla/internal/tools/builtin/web_search.go:24.32,24.55 1 0
github.com/abrandt/vla/internal/tools/builtin/web_search.go:26.42,41.2 1 0
github.com/abrandt/vla/internal/tools/builtin/web_search.go:50.66,55.50 2 1
github.com/abrandt/vla/internal/tools/builtin/web_search.go:55.50,57.3 1 0
github.com/abrandt/vla/internal/tools/builtin/web_search.go:58.2,58.20 1 1
github.com/abrandt/vla/internal/tools/builtin/web_search.go:58.20,60.3 1 1
github.com/abrandt/vla/internal/tools/builtin/web_search.go:61.2,61.24 1 0
github.com/abrandt/vla/internal/tools/builtin/web_search.go:61.24,63.3 1 0
github.com/abrandt/vla/internal/tools/builtin/web_search.go:65.2,66.19 2 0
github.com/abrandt/vla/internal/tools/builtin/web_search.go:66.19,68.3 1 0
github.com/abrandt/vla/internal/tools/builtin/web_search.go:70.2,71.16 2 0
github.com/abrandt/vla/internal/tools/builtin/web_search.go:71.16,73.3 1 0
github.com/abrandt/vla/internal/tools/builtin/web_search.go:74.2,74.23 1 0
github.com/abrandt/vla/internal/tools/builtin/web_search.go:74.23,76.3 1 0
github.com/abrandt/vla/internal/tools/builtin/web_search.go:78.2,79.28 2 0
github.com/abrandt/vla/internal/tools/builtin/web_search.go:79.28,81.22 2 0
github.com/abrandt/vla/internal/tools/builtin/web_search.go:81.22,83.4 1 0
github.com/abrandt/vla/internal/tools/builtin/web_search.go:85.2,85.49 1 0
github.com/abrandt/vla/internal/tools/builtin/web_search.go:89.84,92.16 3 0
github.com/abrandt/vla/internal/tools/builtin/web_search.go:92.16,94.3 1 0
github.com/abrandt/vla/internal/tools/builtin/web_search.go:95.2,97.16 3 0
github.com/abrandt/vla/internal/tools/builtin/web_search.go:97.16,99.3 1 0
github.com/abrandt/vla/internal/tools/builtin/web_search.go:100.2,101.38 2 0
github.com/abrandt/vla/internal/tools/builtin/web_search.go:101.38,103.3 1 0
github.com/abrandt/vla/internal/tools/builtin/web_search.go:104.2,105.16 2 0
github.com/abrandt/vla/internal/tools/builtin/web_search.go:105.16,107.3 1 0
github.com/abrandt/vla/internal/tools/builtin/web_search.go:108.2,108.48 1 0
github.com/abrandt/vla/internal/tools/builtin/web_search.go:114.59,116.20 2 1
github.com/abrandt/vla/internal/tools/builtin/web_search.go:116.20,119.14 2 1
github.com/abrandt/vla/internal/tools/builtin/web_search.go:119.14,120.9 1 1
github.com/abrandt/vla/internal/tools/builtin/web_search.go:122.3,125.20 3 1
github.com/abrandt/vla/internal/tools/builtin/web_search.go:125.20,126.9 1 0
github.com/abrandt/vla/internal/tools/builtin/web_search.go:128.3,130.18 3 1
github.com/abrandt/vla/internal/tools/builtin/web_search.go:130.18,131.9 1 0
github.com/abrandt/vla/internal/tools/builtin/web_search.go:133.3,137.21 4 1
github.com/abrandt/vla/internal/tools/builtin/web_search.go:137.21,138.9 1 0
github.com/abrandt/vla/internal/tools/builtin/web_search.go:140.3,142.19 3 1
github.com/abrandt/vla/internal/tools/builtin/web_search.go:142.19,143.9 1 0
github.com/abrandt/vla/internal/tools/builtin/web_search.go:145.3,151.22 4 1
github.com/abrandt/vla/internal/tools/builtin/web_search.go:151.22,153.4 1 0
github.com/abrandt/vla/internal/tools/builtin/web_search.go:155.3,156.26 2 1
github.com/abrandt/vla/internal/tools/builtin/web_search.go:156.26,157.9 1 1
github.com/abrandt/vla/internal/tools/builtin/web_search.go:160.2,160.16 1 1
github.com/abrandt/vla/internal/tools/builtin/web_search.go:164.40,165.43 1 1
github.com/abrandt/vla/internal/tools/builtin/web_search.go:165.43,166.42 1 1
github.com/abrandt/vla/internal/tools/builtin/web_search.go:166.42,168.4 1 1
github.com/abrandt/vla/internal/tools/builtin/web_search.go:170.2,170.11 1 0
github.com/abrandt/vla/internal/tools/builtin/web_search.go:173.42,180.2 6 1
github.com/abrandt/vla/internal/tools/builtin/write_file.go:16.32,16.55 1 0
github.com/abrandt/vla/internal/tools/builtin/write_file.go:18.42,33.2 1 0
github.com/abrandt/vla/internal/tools/builtin/write_file.go:35.66,40.50 2 1
github.com/abrandt/vla/internal/tools/builtin/write_file.go:40.50,42.3 1 0
github.com/abrandt/vla/internal/tools/builtin/write_file.go:43.2,44.16 2 1
github.com/abrandt/vla/internal/tools/builtin/write_file.go:44.16,46.3 1 0
github.com/abrandt/vla/internal/tools/builtin/write_file.go:47.2,47.61 1 1
github.com/abrandt/vla/internal/tools/builtin/write_file.go:47.61,49.3 1 0
github.com/abrandt/vla/internal/tools/builtin/write_file.go:50.2,50.68 1 1
github.com/abrandt/vla/internal/tools/builtin/write_file.go:50.68,52.3 1 0
github.com/abrandt/vla/internal/tools/builtin/write_file.go:53.2,53.75 1 1
