mode: set
github.com/abrandt/vla/internal/lsp/client.go:58.35,60.2 1 1
github.com/abrandt/vla/internal/lsp/client.go:64.50,67.2 2 1
github.com/abrandt/vla/internal/lsp/client.go:71.26,73.2 1 1
github.com/abrandt/vla/internal/lsp/client.go:76.26,77.9 1 1
github.com/abrandt/vla/internal/lsp/client.go:78.16,78.16 0 0
github.com/abrandt/vla/internal/lsp/client.go:79.10,80.16 1 1
github.com/abrandt/vla/internal/lsp/client.go:86.78,96.16 4 1
github.com/abrandt/vla/internal/lsp/client.go:96.16,98.3 1 0
github.com/abrandt/vla/internal/lsp/client.go:100.2,104.49 4 1
github.com/abrandt/vla/internal/lsp/client.go:104.49,106.3 1 0
github.com/abrandt/vla/internal/lsp/client.go:108.2,108.9 1 1
github.com/abrandt/vla/internal/lsp/client.go:109.20,110.24 1 1
github.com/abrandt/vla/internal/lsp/client.go:110.24,112.4 1 1
github.com/abrandt/vla/internal/lsp/client.go:113.3,113.26 1 1
github.com/abrandt/vla/internal/lsp/client.go:114.16,115.76 1 0
github.com/abrandt/vla/internal/lsp/client.go:120.58,127.16 3 0
github.com/abrandt/vla/internal/lsp/client.go:127.16,129.3 1 0
github.com/abrandt/vla/internal/lsp/client.go:130.2,130.33 1 0
github.com/abrandt/vla/internal/lsp/client.go:135.86,139.38 4 1
github.com/abrandt/vla/internal/lsp/client.go:139.38,143.3 2 0
github.com/abrandt/vla/internal/lsp/client.go:144.2,144.12 1 1
github.com/abrandt/vla/internal/lsp/client.go:144.12,145.7 1 1
github.com/abrandt/vla/internal/lsp/client.go:145.7,146.11 1 1
github.com/abrandt/vla/internal/lsp/client.go:147.18,148.11 1 1
github.com/abrandt/vla/internal/lsp/client.go:149.25,150.12 1 1
github.com/abrandt/vla/internal/lsp/client.go:150.12,152.6 1 0
github.com/abrandt/vla/internal/lsp/client.go:153.5,153.17 1 1
github.com/abrandt/vla/internal/lsp/client.go:157.2,157.16 1 1
github.com/abrandt/vla/internal/lsp/client.go:157.16,160.10 2 0
github.com/abrandt/vla/internal/lsp/client.go:160.10,162.4 1 0
github.com/abrandt/vla/internal/lsp/client.go:163.3,165.29 3 0
github.com/abrandt/vla/internal/lsp/client.go:165.29,166.17 1 0
github.com/abrandt/vla/internal/lsp/client.go:166.17,168.5 1 0
github.com/abrandt/vla/internal/lsp/client.go:170.3,171.12 2 0
github.com/abrandt/vla/internal/lsp/client.go:177.61,180.42 3 1
github.com/abrandt/vla/internal/lsp/client.go:180.42,182.3 1 1
github.com/abrandt/vla/internal/lsp/client.go:183.2,183.12 1 1
github.com/abrandt/vla/internal/lsp/client.go:187.49,191.55 4 1
github.com/abrandt/vla/internal/lsp/client.go:191.55,193.3 1 0
github.com/abrandt/vla/internal/lsp/client.go:194.2,194.42 1 1
github.com/abrandt/vla/internal/lsp/client.go:194.42,196.3 1 0
github.com/abrandt/vla/internal/lsp/client.go:197.2,197.12 1 1
github.com/abrandt/vla/internal/lsp/client.go:201.29,203.6 2 1
github.com/abrandt/vla/internal/lsp/client.go:203.6,204.10 1 1
github.com/abrandt/vla/internal/lsp/client.go:205.17,206.10 1 0
github.com/abrandt/vla/internal/lsp/client.go:207.11,207.11 0 1
github.com/abrandt/vla/internal/lsp/client.go:209.3,210.17 2 1
github.com/abrandt/vla/internal/lsp/client.go:210.17,212.44 1 1
github.com/abrandt/vla/internal/lsp/client.go:212.44,214.12 2 1
github.com/abrandt/vla/internal/lsp/client.go:215.87,215.87 0 1
github.com/abrandt/vla/internal/lsp/client.go:216.13,216.13 0 0
github.com/abrandt/vla/internal/lsp/client.go:218.5,218.16 1 1
github.com/abrandt/vla/internal/lsp/client.go:220.4,220.10 1 1
github.com/abrandt/vla/internal/lsp/client.go:224.3,231.56 2 1
github.com/abrandt/vla/internal/lsp/client.go:231.56,232.12 1 0
github.com/abrandt/vla/internal/lsp/client.go:235.3,235.50 1 1
github.com/abrandt/vla/internal/lsp/client.go:235.50,237.51 1 1
github.com/abrandt/vla/internal/lsp/client.go:237.51,244.5 2 1
github.com/abrandt/vla/internal/lsp/client.go:245.9,245.35 1 1
github.com/abrandt/vla/internal/lsp/client.go:245.35,248.4 1 1
github.com/abrandt/vla/internal/lsp/client.go:252.78,253.49 1 1
github.com/abrandt/vla/internal/lsp/client.go:253.49,258.61 2 1
github.com/abrandt/vla/internal/lsp/client.go:258.61,262.4 3 1
github.com/abrandt/vla/internal/lsp/client.go:264.2,265.9 2 1
github.com/abrandt/vla/internal/lsp/client.go:265.9,267.3 1 1
github.com/abrandt/vla/internal/lsp/client.go:268.2,268.50 1 1
github.com/abrandt/vla/internal/lsp/client.go:268.50,269.10 1 1
github.com/abrandt/vla/internal/lsp/client.go:270.21,270.21 0 1
github.com/abrandt/vla/internal/lsp/client.go:271.11,271.11 0 0
github.com/abrandt/vla/internal/lsp/client.go:277.51,280.6 2 1
github.com/abrandt/vla/internal/lsp/client.go:280.6,282.17 2 1
github.com/abrandt/vla/internal/lsp/client.go:282.17,284.4 1 1
github.com/abrandt/vla/internal/lsp/client.go:285.3,286.17 2 1
github.com/abrandt/vla/internal/lsp/client.go:286.17,287.9 1 1
github.com/abrandt/vla/internal/lsp/client.go:289.3,289.66 1 1
github.com/abrandt/vla/internal/lsp/client.go:289.66,292.18 3 1
github.com/abrandt/vla/internal/lsp/client.go:292.18,294.5 1 0
github.com/abrandt/vla/internal/lsp/client.go:297.2,297.24 1 1
github.com/abrandt/vla/internal/lsp/client.go:297.24,299.3 1 0
github.com/abrandt/vla/internal/lsp/client.go:300.2,301.48 2 1
github.com/abrandt/vla/internal/lsp/client.go:301.48,303.3 1 0
github.com/abrandt/vla/internal/lsp/client.go:304.2,304.18 1 1
github.com/abrandt/vla/internal/lsp/manager.go:30.45,35.2 1 0
github.com/abrandt/vla/internal/lsp/manager.go:52.57,57.2 1 0
github.com/abrandt/vla/internal/lsp/manager.go:62.73,68.38 4 0
github.com/abrandt/vla/internal/lsp/manager.go:68.38,70.73 1 0
github.com/abrandt/vla/internal/lsp/manager.go:70.73,73.4 1 0
github.com/abrandt/vla/internal/lsp/manager.go:73.9,75.4 1 0
github.com/abrandt/vla/internal/lsp/manager.go:78.2,78.44 1 0
github.com/abrandt/vla/internal/lsp/manager.go:81.86,83.9 2 0
github.com/abrandt/vla/internal/lsp/manager.go:83.9,85.3 1 0
github.com/abrandt/vla/internal/lsp/manager.go:88.2,89.16 2 0
github.com/abrandt/vla/internal/lsp/manager.go:89.16,91.3 1 0
github.com/abrandt/vla/internal/lsp/manager.go:93.2,99.16 6 0
github.com/abrandt/vla/internal/lsp/manager.go:99.16,101.3 1 0
github.com/abrandt/vla/internal/lsp/manager.go:102.2,103.16 2 0
github.com/abrandt/vla/internal/lsp/manager.go:103.16,105.3 1 0
github.com/abrandt/vla/internal/lsp/manager.go:106.2,107.16 2 0
github.com/abrandt/vla/internal/lsp/manager.go:107.16,109.3 1 0
github.com/abrandt/vla/internal/lsp/manager.go:111.2,111.36 1 0
github.com/abrandt/vla/internal/lsp/manager.go:111.36,113.3 1 0
github.com/abrandt/vla/internal/lsp/manager.go:115.2,119.12 3 0
github.com/abrandt/vla/internal/lsp/manager.go:119.12,121.7 2 0
github.com/abrandt/vla/internal/lsp/manager.go:121.7,122.60 1 0
github.com/abrandt/vla/internal/lsp/manager.go:122.60,124.5 1 0
github.com/abrandt/vla/internal/lsp/manager.go:125.4,126.18 2 0
github.com/abrandt/vla/internal/lsp/manager.go:126.18,128.5 1 0
github.com/abrandt/vla/internal/lsp/manager.go:133.2,155.12 3 0
github.com/abrandt/vla/internal/lsp/manager.go:155.12,158.3 2 0
github.com/abrandt/vla/internal/lsp/manager.go:159.2,159.9 1 0
github.com/abrandt/vla/internal/lsp/manager.go:160.21,161.17 1 0
github.com/abrandt/vla/internal/lsp/manager.go:161.17,164.4 2 0
github.com/abrandt/vla/internal/lsp/manager.go:165.38,167.81 2 0
github.com/abrandt/vla/internal/lsp/manager.go:171.2,174.20 3 0
github.com/abrandt/vla/internal/lsp/manager.go:178.27,181.35 3 0
github.com/abrandt/vla/internal/lsp/manager.go:181.35,186.3 4 0
github.com/abrandt/vla/internal/lsp/manager.go:187.2,187.44 1 0
github.com/abrandt/vla/internal/lsp/manager.go:192.47,194.107 1 1
github.com/abrandt/vla/internal/lsp/manager.go:194.108,196.3 0 1
github.com/abrandt/vla/internal/lsp/manager.go:198.2,199.23 2 1
github.com/abrandt/vla/internal/lsp/manager.go:199.23,201.3 1 1
github.com/abrandt/vla/internal/lsp/manager.go:203.2,203.79 1 0
github.com/abrandt/vla/internal/lsp/manager.go:203.79,204.46 1 0
github.com/abrandt/vla/internal/lsp/manager.go:204.46,206.4 1 0
github.com/abrandt/vla/internal/lsp/manager.go:208.2,208.11 1 0
github.com/abrandt/vla/internal/lsp/manager.go:211.35,213.16 2 1
github.com/abrandt/vla/internal/lsp/manager.go:213.16,215.3 1 1
github.com/abrandt/vla/internal/lsp/manager.go:217.2,218.25 2 0
github.com/abrandt/vla/internal/lsp/manager.go:222.36,224.16 2 1
github.com/abrandt/vla/internal/lsp/manager.go:224.16,226.3 1 0
github.com/abrandt/vla/internal/lsp/manager.go:228.2,229.34 2 1
github.com/abrandt/vla/internal/lsp/manager.go:229.34,231.3 1 1
github.com/abrandt/vla/internal/lsp/manager.go:232.2,232.24 1 1
